<?xml version="1.0" encoding="UTF-8"?>
<!-- Generated by org.testng.reporters.JUnitXMLReporter -->
<testsuite hostname="nagarjunaMBP.local" name="PostingToFacebook" tests="6" failures="1" timestamp="25 May 2017 10:09:29 GMT" time="21.415" errors="0">
  <testcase name="@BeforeMethod LaunchBrowser" time="0.0" classname="tcAutoPost.TCAutoFanPost">
    <failure type="org.openqa.selenium.WebDriverException" message="Failed to decode response from marionette
Build info: version: &amp;apos;3.4.0&amp;apos;, revision: &amp;apos;unknown&amp;apos;, time: &amp;apos;unknown&amp;apos;
System info: host: &amp;apos;nagarjunaMBP.local&amp;apos;, ip: &amp;apos;fe80:0:0:0:1091:7b48:cb5a:156b%en0&amp;apos;, os.name: &amp;apos;Mac OS X&amp;apos;, os.arch: &amp;apos;x86_64&amp;apos;, os.version: &amp;apos;10.12.4&amp;apos;, java.version: &amp;apos;1.8.0_60&amp;apos;
Driver info: org.openqa.selenium.firefox.FirefoxDriver
Capabilities [{moz:profile=/var/folders/g4/dylg4g7s7wbdtg_f6mtzj8m00000gn/T/rust_mozprofile.JeYnizeXgRBb, rotatable=false, timeouts={implicit=0.0, pageLoad=300000.0, script=30000.0}, pageLoadStrategy=normal, platform=ANY, specificationLevel=0.0, moz:accessibilityChecks=false, acceptInsecureCerts=false, browserVersion=53.0.3, platformVersion=16.5.0, moz:processID=74134.0, browserName=firefox, javascriptEnabled=true, platformName=darwin}]
Session ID: abec7c5f-066c-bc48-9346-e39e6bba2912">
      <![CDATA[org.openqa.selenium.WebDriverException: Failed to decode response from marionette
Build info: version: '3.4.0', revision: 'unknown', time: 'unknown'
System info: host: 'nagarjunaMBP.local', ip: 'fe80:0:0:0:1091:7b48:cb5a:156b%en0', os.name: 'Mac OS X', os.arch: 'x86_64', os.version: '10.12.4', java.version: '1.8.0_60'
Driver info: org.openqa.selenium.firefox.FirefoxDriver
Capabilities [{moz:profile=/var/folders/g4/dylg4g7s7wbdtg_f6mtzj8m00000gn/T/rust_mozprofile.JeYnizeXgRBb, rotatable=false, timeouts={implicit=0.0, pageLoad=300000.0, script=30000.0}, pageLoadStrategy=normal, platform=ANY, specificationLevel=0.0, moz:accessibilityChecks=false, acceptInsecureCerts=false, browserVersion=53.0.3, platformVersion=16.5.0, moz:processID=74134.0, browserName=firefox, javascriptEnabled=true, platformName=darwin}]
Session ID: abec7c5f-066c-bc48-9346-e39e6bba2912
	at org.openqa.selenium.remote.http.W3CHttpResponseCodec.createException(W3CHttpResponseCodec.java:150)
	at org.openqa.selenium.remote.http.W3CHttpResponseCodec.decode(W3CHttpResponseCodec.java:115)
	at org.openqa.selenium.remote.http.W3CHttpResponseCodec.decode(W3CHttpResponseCodec.java:45)
	at org.openqa.selenium.remote.HttpCommandExecutor.execute(HttpCommandExecutor.java:164)
	at org.openqa.selenium.remote.service.DriverCommandExecutor.execute(DriverCommandExecutor.java:82)
	at org.openqa.selenium.remote.RemoteWebDriver.execute(RemoteWebDriver.java:637)
	at org.openqa.selenium.remote.RemoteWebDriver.get(RemoteWebDriver.java:364)
	at baseHelper.BrowserLauncher.LaunchBrowser(BrowserLauncher.java:119)
... Removed 33 stack frames]]>
    </failure>
  </testcase> <!-- @BeforeMethod LaunchBrowser -->
  <testcase name="@AfterMethod QuitBrowser" time="0.0" classname="tcAutoPost.TCAutoFanPost">
    <skipped/>
  </testcase> <!-- @AfterMethod QuitBrowser -->
  <testcase name="@BeforeMethod LaunchBrowser" time="0.0" classname="tcAutoPost.TCAutoFanPost">
    <skipped/>
  </testcase> <!-- @BeforeMethod LaunchBrowser -->
  <testcase name="@AfterMethod QuitBrowser" time="0.0" classname="tcAutoPost.TCAutoFanPost">
    <skipped/>
  </testcase> <!-- @AfterMethod QuitBrowser -->
  <testcase name="@BeforeMethod LaunchBrowser" time="0.0" classname="tcAutoPost.TCAutoFanPost">
    <skipped/>
  </testcase> <!-- @BeforeMethod LaunchBrowser -->
  <testcase name="@AfterMethod QuitBrowser" time="0.0" classname="tcAutoPost.TCAutoFanPost">
    <skipped/>
  </testcase> <!-- @AfterMethod QuitBrowser -->
  <testcase name="@BeforeMethod LaunchBrowser" time="0.0" classname="tcAutoPost.TCAutoFanPost">
    <skipped/>
  </testcase> <!-- @BeforeMethod LaunchBrowser -->
  <testcase name="@AfterMethod QuitBrowser" time="0.0" classname="tcAutoPost.TCAutoFanPost">
    <skipped/>
  </testcase> <!-- @AfterMethod QuitBrowser -->
  <testcase name="@BeforeMethod LaunchBrowser" time="0.0" classname="tcAutoPost.TCAutoFanPost">
    <skipped/>
  </testcase> <!-- @BeforeMethod LaunchBrowser -->
  <testcase name="@AfterMethod QuitBrowser" time="0.0" classname="tcAutoPost.TCAutoFanPost">
    <skipped/>
  </testcase> <!-- @AfterMethod QuitBrowser -->
  <testcase name="verifyPostinFirstPostToFastCarTest" time="9.306" classname="tcAutoPost.TCAutoFanPost">
    <failure type="org.openqa.selenium.WebDriverException" message="Failed to decode response from marionette
Build info: version: &amp;apos;3.4.0&amp;apos;, revision: &amp;apos;unknown&amp;apos;, time: &amp;apos;unknown&amp;apos;
System info: host: &amp;apos;nagarjunaMBP.local&amp;apos;, ip: &amp;apos;fe80:0:0:0:1091:7b48:cb5a:156b%en0&amp;apos;, os.name: &amp;apos;Mac OS X&amp;apos;, os.arch: &amp;apos;x86_64&amp;apos;, os.version: &amp;apos;10.12.4&amp;apos;, java.version: &amp;apos;1.8.0_60&amp;apos;
Driver info: org.openqa.selenium.firefox.FirefoxDriver
Capabilities [{moz:profile=/var/folders/g4/dylg4g7s7wbdtg_f6mtzj8m00000gn/T/rust_mozprofile.R06tVUuqOAiw, rotatable=false, timeouts={implicit=0.0, pageLoad=300000.0, script=30000.0}, pageLoadStrategy=normal, platform=ANY, specificationLevel=0.0, moz:accessibilityChecks=false, acceptInsecureCerts=false, browserVersion=53.0.3, platformVersion=16.5.0, moz:processID=74125.0, browserName=firefox, javascriptEnabled=true, platformName=darwin}]
Session ID: b82fc64c-3bcf-604a-bf6b-32a1b630b466">
      <![CDATA[org.openqa.selenium.WebDriverException: Failed to decode response from marionette
Build info: version: '3.4.0', revision: 'unknown', time: 'unknown'
System info: host: 'nagarjunaMBP.local', ip: 'fe80:0:0:0:1091:7b48:cb5a:156b%en0', os.name: 'Mac OS X', os.arch: 'x86_64', os.version: '10.12.4', java.version: '1.8.0_60'
Driver info: org.openqa.selenium.firefox.FirefoxDriver
Capabilities [{moz:profile=/var/folders/g4/dylg4g7s7wbdtg_f6mtzj8m00000gn/T/rust_mozprofile.R06tVUuqOAiw, rotatable=false, timeouts={implicit=0.0, pageLoad=300000.0, script=30000.0}, pageLoadStrategy=normal, platform=ANY, specificationLevel=0.0, moz:accessibilityChecks=false, acceptInsecureCerts=false, browserVersion=53.0.3, platformVersion=16.5.0, moz:processID=74125.0, browserName=firefox, javascriptEnabled=true, platformName=darwin}]
Session ID: b82fc64c-3bcf-604a-bf6b-32a1b630b466
	at org.openqa.selenium.remote.http.W3CHttpResponseCodec.createException(W3CHttpResponseCodec.java:150)
	at org.openqa.selenium.remote.http.W3CHttpResponseCodec.decode(W3CHttpResponseCodec.java:115)
	at org.openqa.selenium.remote.http.W3CHttpResponseCodec.decode(W3CHttpResponseCodec.java:45)
	at org.openqa.selenium.remote.HttpCommandExecutor.execute(HttpCommandExecutor.java:164)
	at org.openqa.selenium.remote.service.DriverCommandExecutor.execute(DriverCommandExecutor.java:82)
	at org.openqa.selenium.remote.RemoteWebDriver.execute(RemoteWebDriver.java:637)
	at org.openqa.selenium.remote.RemoteWebDriver.get(RemoteWebDriver.java:364)
	at tcAutoPost.TCAutoFanPost.verifyPostinFirstPostToFastCarTest(TCAutoFanPost.java:94)
... Removed 31 stack frames]]>
    </failure>
  </testcase> <!-- verifyPostinFirstPostToFastCarTest -->
  <testcase name="verifyPostinFirstPostToGetStarted" time="0.001" classname="tcAutoPost.TCAutoFanPost">
    <skipped/>
  </testcase> <!-- verifyPostinFirstPostToGetStarted -->
  <testcase name="verifyPostinFirstPostToRHTestPage" time="0.0" classname="tcAutoPost.TCAutoFanPost">
    <skipped/>
  </testcase> <!-- verifyPostinFirstPostToRHTestPage -->
  <testcase name="verifyPostinSecondPostToFastCarTest" time="0.0" classname="tcAutoPost.TCAutoFanPost">
    <skipped/>
  </testcase> <!-- verifyPostinSecondPostToFastCarTest -->
  <testcase name="verifyPostinSecondPostToGetStarted" time="0.0" classname="tcAutoPost.TCAutoFanPost">
    <skipped/>
  </testcase> <!-- verifyPostinSecondPostToGetStarted -->
  <testcase name="verifyPostinSecondPostToRHTestPage" time="0.001" classname="tcAutoPost.TCAutoFanPost">
    <skipped/>
  </testcase> <!-- verifyPostinSecondPostToRHTestPage -->
</testsuite> <!-- PostingToFacebook -->
