<?xml version="1.0" encoding="UTF-8"?>
<!-- Generated by org.testng.reporters.JUnitXMLReporter -->
<testsuite hostname="nagarjunaMBP.domain.name" name="PostingToFacebook" tests="6" failures="0" timestamp="25 May 2017 16:05:33 GMT" time="0.101" errors="0">
  <testcase name="@BeforeMethod LaunchBrowser" time="0.0" classname="tcAutoPost.TCAutoFanPost">
    <failure type="java.lang.NullPointerException">
      <![CDATA[java.lang.NullPointerException
	at baseHelper.BrowserLauncher.LaunchBrowser(BrowserLauncher.java:119)
... Removed 29 stack frames]]>
    </failure>
  </testcase> <!-- @BeforeMethod LaunchBrowser -->
  <testcase name="@AfterMethod QuitBrowser" time="0.0" classname="tcAutoPost.TCAutoFanPost">
    <skipped/>
  </testcase> <!-- @AfterMethod QuitBrowser -->
  <testcase name="@BeforeMethod LaunchBrowser" time="0.0" classname="tcAutoPost.TCAutoFanPost">
    <skipped/>
  </testcase> <!-- @BeforeMethod LaunchBrowser -->
  <testcase name="@AfterMethod QuitBrowser" time="0.0" classname="tcAutoPost.TCAutoFanPost">
    <skipped/>
  </testcase> <!-- @AfterMethod QuitBrowser -->
  <testcase name="@BeforeMethod LaunchBrowser" time="0.0" classname="tcAutoPost.TCAutoFanPost">
    <skipped/>
  </testcase> <!-- @BeforeMethod LaunchBrowser -->
  <testcase name="@AfterMethod QuitBrowser" time="0.0" classname="tcAutoPost.TCAutoFanPost">
    <skipped/>
  </testcase> <!-- @AfterMethod QuitBrowser -->
  <testcase name="@BeforeMethod LaunchBrowser" time="0.0" classname="tcAutoPost.TCAutoFanPost">
    <skipped/>
  </testcase> <!-- @BeforeMethod LaunchBrowser -->
  <testcase name="@AfterMethod QuitBrowser" time="0.0" classname="tcAutoPost.TCAutoFanPost">
    <skipped/>
  </testcase> <!-- @AfterMethod QuitBrowser -->
  <testcase name="@BeforeMethod LaunchBrowser" time="0.0" classname="tcAutoPost.TCAutoFanPost">
    <skipped/>
  </testcase> <!-- @BeforeMethod LaunchBrowser -->
  <testcase name="@AfterMethod QuitBrowser" time="0.0" classname="tcAutoPost.TCAutoFanPost">
    <skipped/>
  </testcase> <!-- @AfterMethod QuitBrowser -->
  <testcase name="@BeforeMethod LaunchBrowser" time="0.0" classname="tcAutoPost.TCAutoFanPost">
    <skipped/>
  </testcase> <!-- @BeforeMethod LaunchBrowser -->
  <testcase name="@AfterMethod QuitBrowser" time="0.0" classname="tcAutoPost.TCAutoFanPost">
    <skipped/>
  </testcase> <!-- @AfterMethod QuitBrowser -->
  <testcase name="verifyPostinFirstPostToFastCarTest" time="0.001" classname="tcAutoPost.TCAutoFanPost">
    <skipped/>
  </testcase> <!-- verifyPostinFirstPostToFastCarTest -->
  <testcase name="verifyPostinFirstPostToGetStarted" time="0.001" classname="tcAutoPost.TCAutoFanPost">
    <skipped/>
  </testcase> <!-- verifyPostinFirstPostToGetStarted -->
  <testcase name="verifyPostinFirstPostToRHTestPage" time="0.0" classname="tcAutoPost.TCAutoFanPost">
    <skipped/>
  </testcase> <!-- verifyPostinFirstPostToRHTestPage -->
  <testcase name="verifyPostinSecondPostToFastCarTest" time="0.0" classname="tcAutoPost.TCAutoFanPost">
    <skipped/>
  </testcase> <!-- verifyPostinSecondPostToFastCarTest -->
  <testcase name="verifyPostinSecondPostToGetStarted" time="0.0" classname="tcAutoPost.TCAutoFanPost">
    <skipped/>
  </testcase> <!-- verifyPostinSecondPostToGetStarted -->
  <testcase name="verifyPostinSecondPostToRHTestPage" time="0.0" classname="tcAutoPost.TCAutoFanPost">
    <skipped/>
  </testcase> <!-- verifyPostinSecondPostToRHTestPage -->
</testsuite> <!-- PostingToFacebook -->
