<?xml version="1.0" encoding="UTF-8"?>
<testng-results skipped="6" failed="0" total="6" passed="0">
  <reporter-output>
  </reporter-output>
  <suite name="SuiteFB" duration-ms="101" started-at="2017-05-25T16:05:32Z" finished-at="2017-05-25T16:05:33Z">
    <groups>
    </groups>
    <test name="PostingToFacebook" duration-ms="101" started-at="2017-05-25T16:05:32Z" finished-at="2017-05-25T16:05:33Z">
      <class name="tcAutoPost.TCAutoFanPost">
        <test-method status="FAIL" signature="LaunchBrowser()[pri:0, instance:tcAutoPost.TCAutoFanPost@754ba872]" name="LaunchBrowser" is-config="true" duration-ms="0" started-at="2017-05-25T21:35:32Z" finished-at="2017-05-25T21:35:32Z">
          <exception class="java.lang.NullPointerException">
            <full-stacktrace>
              <![CDATA[java.lang.NullPointerException
	at baseHelper.BrowserLauncher.LaunchBrowser(BrowserLauncher.java:119)
	at sun.reflect.NativeMethodAccessorImpl.invoke0(Native Method)
	at sun.reflect.NativeMethodAccessorImpl.invoke(NativeMethodAccessorImpl.java:62)
	at sun.reflect.DelegatingMethodAccessorImpl.invoke(DelegatingMethodAccessorImpl.java:43)
	at java.lang.reflect.Method.invoke(Method.java:497)
	at org.testng.internal.MethodInvocationHelper.invokeMethod(MethodInvocationHelper.java:86)
	at org.testng.internal.Invoker.invokeConfigurationMethod(Invoker.java:514)
	at org.testng.internal.Invoker.invokeConfigurations(Invoker.java:215)
	at org.testng.internal.Invoker.invokeMethod(Invoker.java:589)
	at org.testng.internal.Invoker.invokeTestMethod(Invoker.java:820)
	at org.testng.internal.Invoker.invokeTestMethods(Invoker.java:1128)
	at org.testng.internal.TestMethodWorker.invokeTestMethods(TestMethodWorker.java:129)
	at org.testng.internal.TestMethodWorker.run(TestMethodWorker.java:112)
	at org.testng.TestRunner.privateRun(TestRunner.java:782)
	at org.testng.TestRunner.run(TestRunner.java:632)
	at org.testng.SuiteRunner.runTest(SuiteRunner.java:366)
	at org.testng.SuiteRunner.runSequentially(SuiteRunner.java:361)
	at org.testng.SuiteRunner.privateRun(SuiteRunner.java:319)
	at org.testng.SuiteRunner.run(SuiteRunner.java:268)
	at org.testng.SuiteRunnerWorker.runSuite(SuiteRunnerWorker.java:52)
	at org.testng.SuiteRunnerWorker.run(SuiteRunnerWorker.java:86)
	at org.testng.TestNG.runSuitesSequentially(TestNG.java:1244)
	at org.testng.TestNG.runSuitesLocally(TestNG.java:1169)
	at org.testng.TestNG.run(TestNG.java:1064)
	at org.apache.maven.surefire.testng.TestNGExecutor.run(TestNGExecutor.java:281)
	at org.apache.maven.surefire.testng.TestNGXmlTestSuite.execute(TestNGXmlTestSuite.java:75)
	at org.apache.maven.surefire.testng.TestNGProvider.invoke(TestNGProvider.java:121)
	at org.apache.maven.surefire.booter.ForkedBooter.invokeProviderInSameClassLoader(ForkedBooter.java:290)
	at org.apache.maven.surefire.booter.ForkedBooter.runSuitesInProcess(ForkedBooter.java:242)
	at org.apache.maven.surefire.booter.ForkedBooter.main(ForkedBooter.java:121)
]]>
            </full-stacktrace>
          </exception> <!-- java.lang.NullPointerException -->
          <reporter-output>
          </reporter-output>
        </test-method> <!-- LaunchBrowser -->
        <test-method status="SKIP" signature="verifyPostinFirstPostToFastCarTest()[pri:0, instance:tcAutoPost.TCAutoFanPost@754ba872]" name="verifyPostinFirstPostToFastCarTest" duration-ms="1" started-at="2017-05-25T21:35:33Z" finished-at="2017-05-25T21:35:33Z">
          <reporter-output>
          </reporter-output>
        </test-method> <!-- verifyPostinFirstPostToFastCarTest -->
        <test-method status="SKIP" signature="QuitBrowser()[pri:0, instance:tcAutoPost.TCAutoFanPost@754ba872]" name="QuitBrowser" is-config="true" duration-ms="0" started-at="2017-05-25T21:35:33Z" finished-at="2017-05-25T21:35:33Z">
          <reporter-output>
          </reporter-output>
        </test-method> <!-- QuitBrowser -->
        <test-method status="SKIP" signature="LaunchBrowser()[pri:0, instance:tcAutoPost.TCAutoFanPost@754ba872]" name="LaunchBrowser" is-config="true" duration-ms="0" started-at="2017-05-25T21:35:33Z" finished-at="2017-05-25T21:35:33Z">
          <reporter-output>
          </reporter-output>
        </test-method> <!-- LaunchBrowser -->
        <test-method status="SKIP" signature="verifyPostinFirstPostToGetStarted()[pri:0, instance:tcAutoPost.TCAutoFanPost@754ba872]" name="verifyPostinFirstPostToGetStarted" duration-ms="1" started-at="2017-05-25T21:35:33Z" finished-at="2017-05-25T21:35:33Z">
          <reporter-output>
          </reporter-output>
        </test-method> <!-- verifyPostinFirstPostToGetStarted -->
        <test-method status="SKIP" signature="LaunchBrowser()[pri:0, instance:tcAutoPost.TCAutoFanPost@754ba872]" name="LaunchBrowser" is-config="true" duration-ms="0" started-at="2017-05-25T21:35:33Z" finished-at="2017-05-25T21:35:33Z">
          <reporter-output>
          </reporter-output>
        </test-method> <!-- LaunchBrowser -->
        <test-method status="SKIP" signature="QuitBrowser()[pri:0, instance:tcAutoPost.TCAutoFanPost@754ba872]" name="QuitBrowser" is-config="true" duration-ms="0" started-at="2017-05-25T21:35:33Z" finished-at="2017-05-25T21:35:33Z">
          <reporter-output>
          </reporter-output>
        </test-method> <!-- QuitBrowser -->
        <test-method status="SKIP" signature="verifyPostinFirstPostToRHTestPage()[pri:0, instance:tcAutoPost.TCAutoFanPost@754ba872]" name="verifyPostinFirstPostToRHTestPage" duration-ms="0" started-at="2017-05-25T21:35:33Z" finished-at="2017-05-25T21:35:33Z">
          <reporter-output>
          </reporter-output>
        </test-method> <!-- verifyPostinFirstPostToRHTestPage -->
        <test-method status="SKIP" signature="verifyPostinSecondPostToFastCarTest()[pri:0, instance:tcAutoPost.TCAutoFanPost@754ba872]" name="verifyPostinSecondPostToFastCarTest" duration-ms="0" started-at="2017-05-25T21:35:33Z" finished-at="2017-05-25T21:35:33Z">
          <reporter-output>
          </reporter-output>
        </test-method> <!-- verifyPostinSecondPostToFastCarTest -->
        <test-method status="SKIP" signature="LaunchBrowser()[pri:0, instance:tcAutoPost.TCAutoFanPost@754ba872]" name="LaunchBrowser" is-config="true" duration-ms="0" started-at="2017-05-25T21:35:33Z" finished-at="2017-05-25T21:35:33Z">
          <reporter-output>
          </reporter-output>
        </test-method> <!-- LaunchBrowser -->
        <test-method status="SKIP" signature="QuitBrowser()[pri:0, instance:tcAutoPost.TCAutoFanPost@754ba872]" name="QuitBrowser" is-config="true" duration-ms="0" started-at="2017-05-25T21:35:33Z" finished-at="2017-05-25T21:35:33Z">
          <reporter-output>
          </reporter-output>
        </test-method> <!-- QuitBrowser -->
        <test-method status="SKIP" signature="LaunchBrowser()[pri:0, instance:tcAutoPost.TCAutoFanPost@754ba872]" name="LaunchBrowser" is-config="true" duration-ms="0" started-at="2017-05-25T21:35:33Z" finished-at="2017-05-25T21:35:33Z">
          <reporter-output>
          </reporter-output>
        </test-method> <!-- LaunchBrowser -->
        <test-method status="SKIP" signature="verifyPostinSecondPostToGetStarted()[pri:0, instance:tcAutoPost.TCAutoFanPost@754ba872]" name="verifyPostinSecondPostToGetStarted" duration-ms="0" started-at="2017-05-25T21:35:33Z" finished-at="2017-05-25T21:35:33Z">
          <reporter-output>
          </reporter-output>
        </test-method> <!-- verifyPostinSecondPostToGetStarted -->
        <test-method status="SKIP" signature="QuitBrowser()[pri:0, instance:tcAutoPost.TCAutoFanPost@754ba872]" name="QuitBrowser" is-config="true" duration-ms="0" started-at="2017-05-25T21:35:33Z" finished-at="2017-05-25T21:35:33Z">
          <reporter-output>
          </reporter-output>
        </test-method> <!-- QuitBrowser -->
        <test-method status="SKIP" signature="QuitBrowser()[pri:0, instance:tcAutoPost.TCAutoFanPost@754ba872]" name="QuitBrowser" is-config="true" duration-ms="0" started-at="2017-05-25T21:35:33Z" finished-at="2017-05-25T21:35:33Z">
          <reporter-output>
          </reporter-output>
        </test-method> <!-- QuitBrowser -->
        <test-method status="SKIP" signature="verifyPostinSecondPostToRHTestPage()[pri:0, instance:tcAutoPost.TCAutoFanPost@754ba872]" name="verifyPostinSecondPostToRHTestPage" duration-ms="0" started-at="2017-05-25T21:35:33Z" finished-at="2017-05-25T21:35:33Z">
          <reporter-output>
          </reporter-output>
        </test-method> <!-- verifyPostinSecondPostToRHTestPage -->
        <test-method status="SKIP" signature="LaunchBrowser()[pri:0, instance:tcAutoPost.TCAutoFanPost@754ba872]" name="LaunchBrowser" is-config="true" duration-ms="0" started-at="2017-05-25T21:35:33Z" finished-at="2017-05-25T21:35:33Z">
          <reporter-output>
          </reporter-output>
        </test-method> <!-- LaunchBrowser -->
        <test-method status="SKIP" signature="QuitBrowser()[pri:0, instance:tcAutoPost.TCAutoFanPost@754ba872]" name="QuitBrowser" is-config="true" duration-ms="0" started-at="2017-05-25T21:35:33Z" finished-at="2017-05-25T21:35:33Z">
          <reporter-output>
          </reporter-output>
        </test-method> <!-- QuitBrowser -->
      </class> <!-- tcAutoPost.TCAutoFanPost -->
    </test> <!-- PostingToFacebook -->
  </suite> <!-- SuiteFB -->
</testng-results>
