-------------------------------------------------------------------------------
Test set: TestSuite
-------------------------------------------------------------------------------
Tests run: 18, Failures: 1, Errors: 0, Skipped: 17, Time elapsed: 1.24 sec <<< FAILURE! - in TestSuite
LaunchBrowser(tcAutoPost.TCAutoFanPost)  Time elapsed: 0.794 sec  <<< FAILURE!
java.lang.NullPointerException

