<?xml version="1.0" encoding="UTF-8"?>
<testsuite xmlns:xsi="http://www.w3.org/2001/XMLSchema-instance" xsi:schemaLocation="https://maven.apache.org/surefire/maven-surefire-plugin/xsd/surefire-test-report.xsd" name="TestSuite" time="1.24" tests="18" errors="0" skipped="17" failures="1">
  <properties>
[...]
</properties>
  <testcase name="LaunchBrowser" classname="tcAutoPost.TCAutoFanPost" time="0.794">
    <failure type="java.lang.NullPointerException">java.lang.NullPointerException
</failure>
    <system-out><![CDATA[2017-05-25 21:35:33 INFO  BrowserLauncher:117 - BROWSER CALLED
]]></system-out>
    <system-err><![CDATA[log4j:ERROR Could not find value for key log4j.appender.ERROR
log4j:ERROR Could not instantiate appender named "ERROR".
OS is + mac os x
]]></system-err>
  </testcase>
  <testcase name="LaunchBrowser" classname="tcAutoPost.TCAutoFanPost" time="0">
    <skipped/>
  </testcase>
  <testcase name="LaunchBrowser" classname="tcAutoPost.TCAutoFanPost" time="0">
    <skipped/>
  </testcase>
  <testcase name="LaunchBrowser" classname="tcAutoPost.TCAutoFanPost" time="0">
    <skipped/>
  </testcase>
  <testcase name="LaunchBrowser" classname="tcAutoPost.TCAutoFanPost" time="0">
    <skipped/>
  </testcase>
  <testcase name="LaunchBrowser" classname="tcAutoPost.TCAutoFanPost" time="0">
    <skipped/>
  </testcase>
  <testcase name="verifyPostinFirstPostToFastCarTest" classname="tcAutoPost.TCAutoFanPost" time="0">
    <skipped/>
  </testcase>
  <testcase name="QuitBrowser" classname="tcAutoPost.TCAutoFanPost" time="0">
    <skipped/>
  </testcase>
  <testcase name="QuitBrowser" classname="tcAutoPost.TCAutoFanPost" time="0">
    <skipped/>
  </testcase>
  <testcase name="QuitBrowser" classname="tcAutoPost.TCAutoFanPost" time="0">
    <skipped/>
  </testcase>
  <testcase name="QuitBrowser" classname="tcAutoPost.TCAutoFanPost" time="0">
    <skipped/>
  </testcase>
  <testcase name="QuitBrowser" classname="tcAutoPost.TCAutoFanPost" time="0">
    <skipped/>
  </testcase>
  <testcase name="QuitBrowser" classname="tcAutoPost.TCAutoFanPost" time="0">
    <skipped/>
  </testcase>
  <testcase name="verifyPostinFirstPostToGetStarted" classname="tcAutoPost.TCAutoFanPost" time="0">
    <skipped/>
  </testcase>
  <testcase name="verifyPostinFirstPostToRHTestPage" classname="tcAutoPost.TCAutoFanPost" time="0">
    <skipped/>
  </testcase>
  <testcase name="verifyPostinSecondPostToFastCarTest" classname="tcAutoPost.TCAutoFanPost" time="0">
    <skipped/>
  </testcase>
  <testcase name="verifyPostinSecondPostToGetStarted" classname="tcAutoPost.TCAutoFanPost" time="0">
    <skipped/>
  </testcase>
  <testcase name="verifyPostinSecondPostToRHTestPage" classname="tcAutoPost.TCAutoFanPost" time="0">
    <skipped/>
  </testcase>
</testsuite>