<?xml version="1.0" encoding="UTF-8"?>
<testng-results skipped="1" failed="0" total="1" passed="0">
  <reporter-output>
  </reporter-output>
  <suite name="Default suite" duration-ms="9764" started-at="2017-05-25T17:03:39Z" finished-at="2017-05-25T17:03:48Z">
    <groups>
    </groups>
    <test name="Default test" duration-ms="9764" started-at="2017-05-25T17:03:39Z" finished-at="2017-05-25T17:03:48Z">
      <class name="tcAutoPost.TCAutoFanPost">
        <test-method status="FAIL" signature="LaunchBrowser()[pri:0, instance:tcAutoPost.TCAutoFanPost@4a22f9e2]" name="LaunchBrowser" is-config="true" duration-ms="0" started-at="2017-05-25T22:33:39Z" finished-at="2017-05-25T22:33:39Z">
          <exception class="java.lang.NoSuchMethodError">
            <message>
              <![CDATA[org.openqa.selenium.os.CommandLine.find(Ljava/lang/String;)Ljava/lang/String;]]>
            </message>
            <full-stacktrace>
              <![CDATA[java.lang.NoSuchMethodError: org.openqa.selenium.os.CommandLine.find(Ljava/lang/String;)Ljava/lang/String;
	at org.openqa.selenium.phantomjs.PhantomJSDriverService.findPhantomJS(PhantomJSDriverService.java:232)
	at org.openqa.selenium.phantomjs.PhantomJSDriverService.createDefaultService(PhantomJSDriverService.java:181)
	at org.openqa.selenium.phantomjs.PhantomJSDriver.<init>(PhantomJSDriver.java:104)
	at org.openqa.selenium.phantomjs.PhantomJSDriver.<init>(PhantomJSDriver.java:94)
	at baseHelper.BrowserLauncher.LaunchBrowser(BrowserLauncher.java:117)
	at sun.reflect.NativeMethodAccessorImpl.invoke0(Native Method)
	at sun.reflect.NativeMethodAccessorImpl.invoke(NativeMethodAccessorImpl.java:62)
	at sun.reflect.DelegatingMethodAccessorImpl.invoke(DelegatingMethodAccessorImpl.java:43)
	at java.lang.reflect.Method.invoke(Method.java:497)
	at org.testng.internal.MethodInvocationHelper.invokeMethod(MethodInvocationHelper.java:86)
	at org.testng.internal.Invoker.invokeConfigurationMethod(Invoker.java:514)
	at org.testng.internal.Invoker.invokeConfigurations(Invoker.java:215)
	at org.testng.internal.Invoker.invokeMethod(Invoker.java:589)
	at org.testng.internal.Invoker.invokeTestMethod(Invoker.java:820)
	at org.testng.internal.Invoker.invokeTestMethods(Invoker.java:1128)
	at org.testng.internal.TestMethodWorker.invokeTestMethods(TestMethodWorker.java:129)
	at org.testng.internal.TestMethodWorker.run(TestMethodWorker.java:112)
	at org.testng.TestRunner.privateRun(TestRunner.java:782)
	at org.testng.TestRunner.run(TestRunner.java:632)
	at org.testng.SuiteRunner.runTest(SuiteRunner.java:366)
	at org.testng.SuiteRunner.runSequentially(SuiteRunner.java:361)
	at org.testng.SuiteRunner.privateRun(SuiteRunner.java:319)
	at org.testng.SuiteRunner.run(SuiteRunner.java:268)
	at org.testng.SuiteRunnerWorker.runSuite(SuiteRunnerWorker.java:52)
	at org.testng.SuiteRunnerWorker.run(SuiteRunnerWorker.java:86)
	at org.testng.TestNG.runSuitesSequentially(TestNG.java:1244)
	at org.testng.TestNG.runSuitesLocally(TestNG.java:1169)
	at org.testng.TestNG.run(TestNG.java:1064)
	at org.testng.remote.RemoteTestNG.run(RemoteTestNG.java:113)
	at org.testng.remote.RemoteTestNG.initAndRun(RemoteTestNG.java:206)
	at org.testng.remote.RemoteTestNG.main(RemoteTestNG.java:177)
]]>
            </full-stacktrace>
          </exception> <!-- java.lang.NoSuchMethodError -->
          <reporter-output>
          </reporter-output>
        </test-method> <!-- LaunchBrowser -->
        <test-method status="SKIP" signature="verifyPostinFirstPostToGetStarted()[pri:0, instance:tcAutoPost.TCAutoFanPost@4a22f9e2]" name="verifyPostinFirstPostToGetStarted" duration-ms="1" started-at="2017-05-25T22:33:48Z" finished-at="2017-05-25T22:33:48Z">
          <reporter-output>
          </reporter-output>
        </test-method> <!-- verifyPostinFirstPostToGetStarted -->
        <test-method status="SKIP" signature="QuitBrowser()[pri:0, instance:tcAutoPost.TCAutoFanPost@4a22f9e2]" name="QuitBrowser" is-config="true" duration-ms="0" started-at="2017-05-25T22:33:48Z" finished-at="2017-05-25T22:33:48Z">
          <reporter-output>
          </reporter-output>
        </test-method> <!-- QuitBrowser -->
      </class> <!-- tcAutoPost.TCAutoFanPost -->
    </test> <!-- Default test -->
  </suite> <!-- Default suite -->
</testng-results>
