<?xml version="1.0" encoding="UTF-8"?>
<!-- Generated by org.testng.reporters.JUnitReportReporter -->
<testsuite hostname="nagarjunaMBP.home" name="testCases.listen.TCProfileCreation" tests="1" failures="0" timestamp="20 Dec 2016 13:46:26 GMT" time="73.348" errors="1">
  <testcase name="login" time="73.348" classname="testCases.listen.TCProfileCreation">
    <error type="org.openqa.selenium.WebDriverException" message="Failed to decode response from marionette
Build info: version: &#039;3.0.1&#039;, revision: &#039;1969d75&#039;, time: &#039;2016-10-18 09:49:13 -0700&#039;
System info: host: &#039;nagarjunaMBP.home&#039;, ip: &#039;192.168.45.136&#039;, os.name: &#039;Mac OS X&#039;, os.arch: &#039;x86_64&#039;, os.version: &#039;10.12.2&#039;, java.version: &#039;1.8.0_60&#039;
Driver info: org.openqa.selenium.firefox.FirefoxDriver
Capabilities [{rotatable=false, raisesAccessibilityExceptions=false, marionette=true, firefoxOptions={args=[], prefs={}}, appBuildId=20161208153507, version=, platform=MAC, proxy={}, command_id=1, specificationLevel=0, acceptSslCerts=false, processId=49381, browserVersion=50.1.0, platformVersion=16.3.0, XULappId={ec8030f7-c20a-464f-9b0e-13a3a9e97384}, browserName=firefox, takesScreenshot=true, takesElementScreenshot=true, platformName=darwin}]
Session ID: fa511058-770e-7344-991c-7974c37ab0c5">
      <![CDATA[org.openqa.selenium.WebDriverException: Failed to decode response from marionette
Build info: version: '3.0.1', revision: '1969d75', time: '2016-10-18 09:49:13 -0700'
System info: host: 'nagarjunaMBP.home', ip: '192.168.45.136', os.name: 'Mac OS X', os.arch: 'x86_64', os.version: '10.12.2', java.version: '1.8.0_60'
Driver info: org.openqa.selenium.firefox.FirefoxDriver
Capabilities [{rotatable=false, raisesAccessibilityExceptions=false, marionette=true, firefoxOptions={args=[], prefs={}}, appBuildId=20161208153507, version=, platform=MAC, proxy={}, command_id=1, specificationLevel=0, acceptSslCerts=false, processId=49381, browserVersion=50.1.0, platformVersion=16.3.0, XULappId={ec8030f7-c20a-464f-9b0e-13a3a9e97384}, browserName=firefox, takesScreenshot=true, takesElementScreenshot=true, platformName=darwin}]
Session ID: fa511058-770e-7344-991c-7974c37ab0c5
	at sun.reflect.NativeConstructorAccessorImpl.newInstance0(Native Method)
	at sun.reflect.NativeConstructorAccessorImpl.newInstance(NativeConstructorAccessorImpl.java:62)
	at sun.reflect.DelegatingConstructorAccessorImpl.newInstance(DelegatingConstructorAccessorImpl.java:45)
	at java.lang.reflect.Constructor.newInstance(Constructor.java:422)
	at org.openqa.selenium.remote.http.W3CHttpResponseCodec.createException(W3CHttpResponseCodec.java:127)
	at org.openqa.selenium.remote.http.W3CHttpResponseCodec.decode(W3CHttpResponseCodec.java:93)
	at org.openqa.selenium.remote.http.W3CHttpResponseCodec.decode(W3CHttpResponseCodec.java:42)
	at org.openqa.selenium.remote.HttpCommandExecutor.execute(HttpCommandExecutor.java:163)
	at org.openqa.selenium.remote.service.DriverCommandExecutor.execute(DriverCommandExecutor.java:82)
	at org.openqa.selenium.remote.RemoteWebDriver.execute(RemoteWebDriver.java:601)
	at org.openqa.selenium.remote.RemoteWebElement.execute(RemoteWebElement.java:274)
	at org.openqa.selenium.remote.RemoteWebElement.click(RemoteWebElement.java:84)
	at sun.reflect.NativeMethodAccessorImpl.invoke0(Native Method)
	at sun.reflect.NativeMethodAccessorImpl.invoke(NativeMethodAccessorImpl.java:62)
	at sun.reflect.DelegatingMethodAccessorImpl.invoke(DelegatingMethodAccessorImpl.java:43)
	at java.lang.reflect.Method.invoke(Method.java:497)
	at org.openqa.selenium.support.pagefactory.internal.LocatingElementHandler.invoke(LocatingElementHandler.java:51)
	at com.sun.proxy.$Proxy5.click(Unknown Source)
	at actions.listen.ProfileMgmt.addAdminFacebookPage(ProfileMgmt.java:148)
	at testCases.listen.TCProfileCreation.login(TCProfileCreation.java:57)
	at sun.reflect.NativeMethodAccessorImpl.invoke0(Native Method)
	at sun.reflect.NativeMethodAccessorImpl.invoke(NativeMethodAccessorImpl.java:62)
	at sun.reflect.DelegatingMethodAccessorImpl.invoke(DelegatingMethodAccessorImpl.java:43)
	at java.lang.reflect.Method.invoke(Method.java:497)
	at org.testng.internal.MethodInvocationHelper.invokeMethod(MethodInvocationHelper.java:86)
	at org.testng.internal.Invoker.invokeMethod(Invoker.java:643)
	at org.testng.internal.Invoker.invokeTestMethod(Invoker.java:820)
	at org.testng.internal.Invoker.invokeTestMethods(Invoker.java:1128)
	at org.testng.internal.TestMethodWorker.invokeTestMethods(TestMethodWorker.java:129)
	at org.testng.internal.TestMethodWorker.run(TestMethodWorker.java:112)
	at org.testng.TestRunner.privateRun(TestRunner.java:782)
	at org.testng.TestRunner.run(TestRunner.java:632)
	at org.testng.SuiteRunner.runTest(SuiteRunner.java:366)
	at org.testng.SuiteRunner.runSequentially(SuiteRunner.java:361)
	at org.testng.SuiteRunner.privateRun(SuiteRunner.java:319)
	at org.testng.SuiteRunner.run(SuiteRunner.java:268)
	at org.testng.SuiteRunnerWorker.runSuite(SuiteRunnerWorker.java:52)
	at org.testng.SuiteRunnerWorker.run(SuiteRunnerWorker.java:86)
	at org.testng.TestNG.runSuitesSequentially(TestNG.java:1244)
	at org.testng.TestNG.runSuitesLocally(TestNG.java:1169)
	at org.testng.TestNG.run(TestNG.java:1064)
	at org.testng.remote.RemoteTestNG.run(RemoteTestNG.java:113)
	at org.testng.remote.RemoteTestNG.initAndRun(RemoteTestNG.java:206)
	at org.testng.remote.RemoteTestNG.main(RemoteTestNG.java:177)
]]>
    </error>
  </testcase> <!-- login -->
</testsuite> <!-- testCases.listen.TCProfileCreation -->
